Performing C SOURCE FILE Test CMAKE_HAVE_LIBC_PTHREAD failed with the following output:
Change Dir: /home/duxinyi/Code/OpenCV/Divide digital.png/cmake-build-debug/CMakeFiles/CMakeTmp

Run Build Command(s):/usr/bin/make cmTC_25cd6/fast && /usr/bin/make  -f CMakeFiles/cmTC_25cd6.dir/build.make CMakeFiles/cmTC_25cd6.dir/build
make[1]: 进入目录“/home/duxinyi/Code/OpenCV/Divide digital.png/cmake-build-debug/CMakeFiles/CMakeTmp”
Building C object CMakeFiles/cmTC_25cd6.dir/src.c.o
/usr/bin/cc   -fPIC -DCMAKE_HAVE_LIBC_PTHREAD   -o CMakeFiles/cmTC_25cd6.dir/src.c.o   -c "/home/duxinyi/Code/OpenCV/Divide digital.png/cmake-build-debug/CMakeFiles/CMakeTmp/src.c"
Linking C executable cmTC_25cd6
/opt/clion/bin/cmake/linux/bin/cmake -E cmake_link_script CMakeFiles/cmTC_25cd6.dir/link.txt --verbose=1
/usr/bin/cc -fPIC -DCMAKE_HAVE_LIBC_PTHREAD    CMakeFiles/cmTC_25cd6.dir/src.c.o  -o cmTC_25cd6 
/usr/bin/ld: CMakeFiles/cmTC_25cd6.dir/src.c.o: in function `main':
src.c:(.text+0x46): undefined reference to `pthread_create'
/usr/bin/ld: src.c:(.text+0x52): undefined reference to `pthread_detach'
/usr/bin/ld: src.c:(.text+0x5e): undefined reference to `pthread_cancel'
/usr/bin/ld: src.c:(.text+0x6f): undefined reference to `pthread_join'
collect2: error: ld returned 1 exit status
make[1]: *** [CMakeFiles/cmTC_25cd6.dir/build.make:107：cmTC_25cd6] 错误 1
make[1]: 离开目录“/home/duxinyi/Code/OpenCV/Divide digital.png/cmake-build-debug/CMakeFiles/CMakeTmp”
make: *** [Makefile:141：cmTC_25cd6/fast] 错误 2


Source file was:
#include <pthread.h>

void* test_func(void* data)
{
  return data;
}

int main(void)
{
  pthread_t thread;
  pthread_create(&thread, NULL, test_func, NULL);
  pthread_detach(thread);
  pthread_cancel(thread);
  pthread_join(thread, NULL);
  pthread_atfork(NULL, NULL, NULL);
  pthread_exit(NULL);

  return 0;
}

Determining if the function pthread_create exists in the pthreads failed with the following output:
Change Dir: /home/duxinyi/Code/OpenCV/Divide digital.png/cmake-build-debug/CMakeFiles/CMakeTmp

Run Build Command(s):/usr/bin/make cmTC_7e543/fast && /usr/bin/make  -f CMakeFiles/cmTC_7e543.dir/build.make CMakeFiles/cmTC_7e543.dir/build
make[1]: 进入目录“/home/duxinyi/Code/OpenCV/Divide digital.png/cmake-build-debug/CMakeFiles/CMakeTmp”
Building C object CMakeFiles/cmTC_7e543.dir/CheckFunctionExists.c.o
/usr/bin/cc   -fPIC -DCHECK_FUNCTION_EXISTS=pthread_create   -o CMakeFiles/cmTC_7e543.dir/CheckFunctionExists.c.o   -c /opt/clion/bin/cmake/linux/share/cmake-3.17/Modules/CheckFunctionExists.c
Linking C executable cmTC_7e543
/opt/clion/bin/cmake/linux/bin/cmake -E cmake_link_script CMakeFiles/cmTC_7e543.dir/link.txt --verbose=1
/usr/bin/cc -fPIC -DCHECK_FUNCTION_EXISTS=pthread_create    CMakeFiles/cmTC_7e543.dir/CheckFunctionExists.c.o  -o cmTC_7e543  -lpthreads 
/usr/bin/ld: 找不到 -lpthreads
collect2: error: ld returned 1 exit status
make[1]: *** [CMakeFiles/cmTC_7e543.dir/build.make:107：cmTC_7e543] 错误 1
make[1]: 离开目录“/home/duxinyi/Code/OpenCV/Divide digital.png/cmake-build-debug/CMakeFiles/CMakeTmp”
make: *** [Makefile:141：cmTC_7e543/fast] 错误 2



